<?xml version="1.0" encoding="UTF-8"?>
<!-- Generated by org.testng.reporters.JUnitReportReporter -->
<testsuite hostname="ABoD" failures="0" tests="5" name="TestLocalApi" time="2.814" errors="0" timestamp="2022-05-27T20:35:00 IDT" skipped="0">
  <testcase classname="TestLocalApi" name="put_test" time="0.043"/>
  <system-out/>
  <testcase classname="TestLocalApi" name="get_test" time="0.046"/>
  <system-out/>
  <testcase classname="TestLocalApi" name="delete_test" time="2.553"/>
  <system-out/>
  <testcase classname="TestLocalApi" name="patch_test" time="0.124"/>
  <system-out/>
  <testcase classname="TestLocalApi" name="post_test" time="0.048"/>
  <system-out/>
</testsuite> <!-- TestLocalApi -->
