<?xml version="1.0" encoding="UTF-8"?>
<!-- Generated by org.testng.reporters.JUnitReportReporter -->
<testsuite hostname="ABoD" failures="0" tests="3" name="Put_Patch_Delete_tests" time="3.041" errors="0" timestamp="2022-05-27T16:41:44 IDT" skipped="0">
  <testcase classname="Put_Patch_Delete_tests" name="put" time="0.301"/>
  <system-out/>
  <testcase classname="Put_Patch_Delete_tests" name="patch" time="0.414"/>
  <system-out/>
  <testcase classname="Put_Patch_Delete_tests" name="delete" time="2.326"/>
  <system-out/>
</testsuite> <!-- Put_Patch_Delete_tests -->
