<?xml version="1.0" encoding="UTF-8"?>
<!-- Generated by org.testng.reporters.JUnitReportReporter -->
<testsuite hostname="ABoD" failures="0" tests="2" name="Test01_Get" time="3.438" errors="0" timestamp="2022-05-27T12:39:15 IDT" skipped="0">
  <testcase classname="Test01_Get" name="test_02" time="0.968"/>
  <system-out/>
  <testcase classname="Test01_Get" name="test_01" time="2.470"/>
  <system-out/>
</testsuite> <!-- Test01_Get -->
