<?xml version="1.0" encoding="UTF-8"?>
<!-- Generated by org.testng.reporters.JUnitReportReporter -->
<testsuite hostname="ABoD" failures="0" tests="1" name="XMLValidator" time="5.526" errors="0" timestamp="2022-05-28T20:47:47 IDT" skipped="0">
  <testcase classname="XMLValidator" name="jsonSchema" time="5.526"/>
  <system-out/>
</testsuite> <!-- XMLValidator -->
