<?xml version="1.0" encoding="UTF-8"?>
<!-- Generated by org.testng.reporters.JUnitReportReporter -->
<testsuite hostname="ABoD" failures="0" tests="1" name="JsonSchemaTest" time="6.239" errors="0" timestamp="2022-05-28T18:29:51 IDT" skipped="0">
  <testcase classname="JsonSchemaTest" name="jsonSchema" time="6.239"/>
  <system-out/>
</testsuite> <!-- JsonSchemaTest -->
