<?xml version="1.0" encoding="UTF-8"?>
<!-- Generated by org.testng.reporters.JUnitReportReporter -->
<testsuite hostname="ABoD" failures="0" tests="2" name="Get_Post_tests" time="3.288" errors="0" timestamp="2022-05-27T16:32:47 IDT" skipped="0">
  <testcase classname="Get_Post_tests" name="get_test" time="2.843"/>
  <system-out/>
  <testcase classname="Get_Post_tests" name="post_test" time="0.445"/>
  <system-out/>
</testsuite> <!-- Get_Post_tests -->
